<?xml version="1.0" encoding="UTF-8"?>
<testng-results skipped="0" failed="0" total="1" passed="1">
  <reporter-output>
  </reporter-output>
  <suite name="Default suite" duration-ms="85609" started-at="2018-06-25T10:49:37Z" finished-at="2018-06-25T10:51:02Z">
    <groups>
    </groups>
    <test name="Default test" duration-ms="85609" started-at="2018-06-25T10:49:37Z" finished-at="2018-06-25T10:51:02Z">
      <class name="example.org.seleniumtraining.BookTicket">
        <test-method status="PASS" signature="beforeTest()[pri:0, instance:example.org.seleniumtraining.BookTicket@26653222]" name="beforeTest" is-config="true" duration-ms="75155" started-at="2018-06-25T16:19:37Z" finished-at="2018-06-25T16:20:52Z">
          <reporter-output>
          </reporter-output>
        </test-method> <!-- beforeTest -->
        <test-method status="PASS" signature="f(java.lang.String, java.lang.String)[pri:0, instance:example.org.seleniumtraining.BookTicket@26653222]" name="f" duration-ms="9641" started-at="2018-06-25T16:20:53Z" data-provider="logindata" finished-at="2018-06-25T16:21:02Z">
          <params>
            <param index="0">
              <value>
                <![CDATA[invalidUN]]>
              </value>
            </param>
            <param index="1">
              <value>
                <![CDATA[invalidPW]]>
              </value>
            </param>
          </params>
          <reporter-output>
          </reporter-output>
        </test-method> <!-- f -->
        <test-method status="PASS" signature="afterTest()[pri:0, instance:example.org.seleniumtraining.BookTicket@26653222]" name="afterTest" is-config="true" duration-ms="0" started-at="2018-06-25T16:21:02Z" finished-at="2018-06-25T16:21:02Z">
          <reporter-output>
          </reporter-output>
        </test-method> <!-- afterTest -->
      </class> <!-- example.org.seleniumtraining.BookTicket -->
    </test> <!-- Default test -->
  </suite> <!-- Default suite -->
</testng-results>
